<?xml version="1.0" encoding="utf-8"?><testsuites><testsuite name="pytest" errors="1" failures="0" skipped="0" tests="1" time="0.745" timestamp="2026-04-10T22:40:11.956908" hostname="MALADOR"><testcase classname="" name="tests.test_physics" time="0.000"><error message="collection failure">ImportError while importing test module 'D:\yhoba\1\Test\Py\tests\test_physics.py'.
Hint: make sure your test modules/packages have valid Python names.
Traceback:
C:\Users\dmutr\AppData\Local\Packages\PythonSoftwareFoundation.Python.3.13_qbz5n2kfra8p0\LocalCache\local-packages\Python313\site-packages\_pytest\python.py:617: in _importtestmodule
    mod = import_path(self.path, mode=importmode, root=self.config.rootpath)
C:\Users\dmutr\AppData\Local\Packages\PythonSoftwareFoundation.Python.3.13_qbz5n2kfra8p0\LocalCache\local-packages\Python313\site-packages\_pytest\pathlib.py:567: in import_path
    importlib.import_module(module_name)
C:\Program Files\WindowsApps\PythonSoftwareFoundation.Python.3.13_3.13.3312.0_x64__qbz5n2kfra8p0\Lib\importlib\__init__.py:88: in import_module
    return _bootstrap._gcd_import(name[level:], package, level)
&lt;frozen importlib._bootstrap&gt;:1387: in _gcd_import
    ???
&lt;frozen importlib._bootstrap&gt;:1360: in _find_and_load
    ???
&lt;frozen importlib._bootstrap&gt;:1331: in _find_and_load_unlocked
    ???
&lt;frozen importlib._bootstrap&gt;:935: in _load_unlocked
    ???
C:\Users\dmutr\AppData\Local\Packages\PythonSoftwareFoundation.Python.3.13_qbz5n2kfra8p0\LocalCache\local-packages\Python313\site-packages\_pytest\assertion\rewrite.py:186: in exec_module
    exec(co, module.__dict__)
tests\test_physics.py:10: in &lt;module&gt;
    from core.analytics.physics import (
E   ImportError: cannot import name 'calculate_energy_price' from 'core.analytics.physics' (D:\yhoba\1\Test\Py\core\analytics\physics.py)</error></testcase></testsuite></testsuites>